Internal Server Error: /crm/1/events/1/
Traceback (most recent call last):
  File "C:\Users\ross\Desktop\OPENCLASS\Projets\PROJET12\last p12\p12_EpicEvents_Rossignol_Hanane\env\lib\site-packages\django\core\handlers\exception.py", line 55, in inner
    response = get_response(request)
  File "C:\Users\ross\Desktop\OPENCLASS\Projets\PROJET12\last p12\p12_EpicEvents_Rossignol_Hanane\env\lib\site-packages\django\core\handlers\base.py", line 197, in _get_response
    response = wrapped_callback(request, *callback_args, **callback_kwargs)
  File "C:\Users\ross\Desktop\OPENCLASS\Projets\PROJET12\last p12\p12_EpicEvents_Rossignol_Hanane\env\lib\site-packages\django\views\decorators\csrf.py", line 54, in wrapped_view
    return view_func(*args, **kwargs)
  File "C:\Users\ross\Desktop\OPENCLASS\Projets\PROJET12\last p12\p12_EpicEvents_Rossignol_Hanane\env\lib\site-packages\rest_framework\viewsets.py", line 125, in view
    return self.dispatch(request, *args, **kwargs)
  File "C:\Users\ross\Desktop\OPENCLASS\Projets\PROJET12\last p12\p12_EpicEvents_Rossignol_Hanane\env\lib\site-packages\rest_framework\views.py", line 509, in dispatch
    response = self.handle_exception(exc)
  File "C:\Users\ross\Desktop\OPENCLASS\Projets\PROJET12\last p12\p12_EpicEvents_Rossignol_Hanane\env\lib\site-packages\rest_framework\views.py", line 469, in handle_exception
    self.raise_uncaught_exception(exc)
  File "C:\Users\ross\Desktop\OPENCLASS\Projets\PROJET12\last p12\p12_EpicEvents_Rossignol_Hanane\env\lib\site-packages\rest_framework\views.py", line 480, in raise_uncaught_exception
    raise exc
  File "C:\Users\ross\Desktop\OPENCLASS\Projets\PROJET12\last p12\p12_EpicEvents_Rossignol_Hanane\env\lib\site-packages\rest_framework\views.py", line 506, in dispatch
    response = handler(request, *args, **kwargs)
  File "C:\Users\ross\Desktop\OPENCLASS\Projets\PROJET12\last p12\p12_EpicEvents_Rossignol_Hanane\backend\event\views.py", line 98, in update
    if not current_support:
UnboundLocalError: local variable 'current_support' referenced before assignment
"PUT /crm/1/events/1/ HTTP/1.1" 500 96759
